2025-07-02 10:54:14,924 -INFO ---------------------------------------------------Ingestion Complete----------------------------------------------------------
2025-07-02 10:54:14,925 -INFO -
Total time Taken: 1.0156631469726563e-05 minutes
2025-07-02 10:54:15,616 -INFO -ingesting begin_inventory.csv in db
2025-07-02 10:54:20,024 -INFO ---------------------------------------------------Ingestion Complete----------------------------------------------------------
2025-07-02 10:54:20,024 -INFO -
Total time Taken: 0.08499828974405925 minutes
2025-07-02 10:54:20,806 -INFO -ingesting end_inventory.csv in db
2025-07-02 10:54:25,477 -INFO ---------------------------------------------------Ingestion Complete----------------------------------------------------------
2025-07-02 10:54:25,477 -INFO -
Total time Taken: 0.17589316368103028 minutes
2025-07-02 10:54:29,921 -INFO -ingesting purchases.csv in db
2025-07-02 10:55:01,305 -INFO ---------------------------------------------------Ingestion Complete----------------------------------------------------------
2025-07-02 10:55:01,305 -INFO -
Total time Taken: 0.7730151057243347 minutes
2025-07-02 10:55:01,458 -INFO -ingesting purchase_prices.csv in db
2025-07-02 10:55:01,759 -INFO ---------------------------------------------------Ingestion Complete----------------------------------------------------------
2025-07-02 10:55:01,759 -INFO -
Total time Taken: 0.7805875460306804 minutes
2025-07-02 10:55:04,881 -INFO -ingesting sales.csv in db
2025-07-02 10:55:34,864 -INFO ---------------------------------------------------Ingestion Complete----------------------------------------------------------
2025-07-02 10:55:34,864 -INFO -
Total time Taken: 1.3323370496431985 minutes
2025-07-02 10:55:34,958 -INFO -ingesting vendor_invoice.csv in db
2025-07-02 10:55:35,114 -INFO ---------------------------------------------------Ingestion Complete----------------------------------------------------------
2025-07-02 10:55:35,115 -INFO -
Total time Taken: 1.3365078608194987 minutes
